#
# A fatal error has been detected by the Java Runtime Environment:
#
#  EXCEPTION_ACCESS_VIOLATION (0xc0000005) at pc=0x198a0945, pid=2556, tid=1072
#
# JRE version: Java(TM) SE Runtime Environment (8.0_31-b13) (build 1.8.0_31-b13)
# Java VM: Java HotSpot(TM) Client VM (25.31-b07 mixed mode windows-x86 )
# Problematic frame:
# C  [jfxwebkit.dll+0x670945]
#
# Failed to write core dump. Minidumps are not enabled by default on client versions of Windows
#
# If you would like to submit a bug report, please visit:
#   http://bugreport.java.com/bugreport/crash.jsp
# The crash happened outside the Java Virtual Machine in native code.
# See problematic frame for where to report the bug.
#

---------------  T H R E A D  ---------------

Current thread (0x145fc800):  JavaThread "JavaFX Application Thread" [_thread_in_native, id=1072, stack(0x14450000,0x144a0000)]

siginfo: ExceptionCode=0xc0000005, reading address 0x00000008

Registers:
EAX=0x1449d7dc, EBX=0x191ca802, ECX=0x00000000, EDX=0x00000000
ESP=0x1449d7cc, EBP=0x1449d8f4, ESI=0x30c98dd0, EDI=0x00000000
EIP=0x198a0945, EFLAGS=0x00210286

Top of Stack: (sp=0x1449d7cc)
0x1449d7cc:   b071db8e 30c94560 30c98dd0 00000000
0x1449d7dc:   1449d7fc 19e1a25c ffffffff 1989ad54
0x1449d7ec:   b071dbae 00000000 30c98dd0 00000000
0x1449d7fc:   1449d820 19e19a10 00000001 1989ae24
0x1449d80c:   00000000 b071d44a 00000000 00000180
0x1449d81c:   1449d80c 1449d894 19e19688 00000000
0x1449d82c:   1989fa19 00000000 b071d466 00000000
0x1449d83c:   191ca890 1449d8f4 1449d82c 30b4a440 

Instructions: (pc=0x198a0945)
0x198a0925:   e1 19 64 a1 00 00 00 00 50 51 56 57 a1 f4 4a 0e
0x198a0935:   1a 33 c4 50 8d 44 24 10 64 a3 00 00 00 00 8b f9
0x198a0945:   83 7f 08 ff 0f 85 d6 00 00 00 a1 c0 7e 0e 1a 8b
0x198a0955:   08 68 02 00 01 00 8d 54 24 10 52 50 8b 41 18 ff 


Register to memory mapping:

EAX=0x1449d7dc is pointing into the stack for thread: 0x145fc800
EBX=0x191ca802 is an unknown value
ECX=0x00000000 is an unknown value
EDX=0x00000000 is an unknown value
ESP=0x1449d7cc is pointing into the stack for thread: 0x145fc800
EBP=0x1449d8f4 is pointing into the stack for thread: 0x145fc800
ESI=0x30c98dd0 is an unknown value
EDI=0x00000000 is an unknown value


Stack: [0x14450000,0x144a0000],  sp=0x1449d7cc,  free space=309k
Native frames: (J=compiled Java code, j=interpreted, Vv=VM code, C=native code)
C  [jfxwebkit.dll+0x670945]
C  0xb071d4a2
C  0x07e4fec8

Java frames: (J=compiled Java code, j=interpreted, Vv=VM code)
j  com.sun.webkit.WebPage.twkUpdateContent(JLcom/sun/webkit/graphics/WCRenderQueue;IIII)V+0
J 7014 C1 com.sun.webkit.WebPage.updateDirty(Lcom/sun/webkit/graphics/WCRectangle;)V (612 bytes) @ 0x01c4252c [0x01c42060+0x4cc]
j  com.sun.webkit.WebPage.updateContent(Lcom/sun/webkit/graphics/WCRectangle;)V+38
j  com.sun.javafx.sg.prism.NGWebView.update()V+68
J 7700 C1 javafx.scene.web.WebView.handleStagePulse()V (113 bytes) @ 0x01baf660 [0x01baf120+0x540]
J 7653 C1 javafx.scene.web.WebView$$Lambda$106.pulse()V (8 bytes) @ 0x01d51a78 [0x01d51a50+0x28]
J 1735 C1 com.sun.javafx.tk.Toolkit$$Lambda$325.run()Ljava/lang/Object; (8 bytes) @ 0x01c762f8 [0x01c762d0+0x28]
v  ~StubRoutines::call_stub
J 517  java.security.AccessController.doPrivileged(Ljava/security/PrivilegedAction;Ljava/security/AccessControlContext;)Ljava/lang/Object; (0 bytes) @ 0x01ac27c7 [0x01ac2760+0x67]
J 1636 C1 com.sun.javafx.tk.Toolkit.firePulse()V (279 bytes) @ 0x01c5fcdc [0x01c5f8f0+0x3ec]
J 2473 C1 com.sun.javafx.tk.quantum.QuantumToolkit.pulse(Z)V (144 bytes) @ 0x01d7cb2c [0x01d7ca90+0x9c]
J 2360 C1 com.sun.javafx.tk.quantum.QuantumToolkit$$Lambda$42.run()V (8 bytes) @ 0x01d5357c [0x01d53550+0x2c]
J 2145 C1 com.sun.glass.ui.InvokeLaterDispatcher$Future.run()V (91 bytes) @ 0x01d06b70 [0x01d06b40+0x30]
v  ~StubRoutines::call_stub
j  com.sun.glass.ui.win.WinApplication._runLoop(Ljava/lang/Runnable;)V+0
j  com.sun.glass.ui.win.WinApplication.lambda$null$141(Ljava/lang/Runnable;)V+7
j  com.sun.glass.ui.win.WinApplication$$Lambda$38.run()V+8
j  java.lang.Thread.run()V+11
v  ~StubRoutines::call_stub

---------------  P R O C E S S  ---------------

Java Threads: ( => current thread )
  0x30c46800 JavaThread "JFXMedia Player EventQueueThread" daemon [_thread_blocked, id=5596, stack(0x23180000,0x231d0000)]
  0x30257400 JavaThread "URL-Loader-279" daemon [_thread_blocked, id=6900, stack(0x25c90000,0x25ce0000)]
  0x30cdbc00 JavaThread "URL-Loader-278" daemon [_thread_blocked, id=2432, stack(0x25cf0000,0x25d40000)]
  0x30cdf400 JavaThread "URL-Loader-277" daemon [_thread_blocked, id=9540, stack(0x25be0000,0x25c30000)]
  0x1ebd7c00 JavaThread "JFXMedia Player EventQueueThread" daemon [_thread_blocked, id=8996, stack(0x20650000,0x206a0000)]
  0x1ee39800 JavaThread "JFXMedia Player EventQueueThread" daemon [_thread_blocked, id=2324, stack(0x20050000,0x200a0000)]
  0x1ebda800 JavaThread "JFXMedia Player EventQueueThread" daemon [_thread_blocked, id=8320, stack(0x201f0000,0x20240000)]
  0x1eadd800 JavaThread "JFXMedia Player EventQueueThread" daemon [_thread_blocked, id=8672, stack(0x1f7b0000,0x1f800000)]
  0x1eadcc00 JavaThread "JFXMedia Player EventQueueThread" daemon [_thread_blocked, id=6596, stack(0x1f690000,0x1f6e0000)]
  0x1eadc400 JavaThread "JFXMedia Player EventQueueThread" daemon [_thread_blocked, id=8928, stack(0x20be0000,0x20c30000)]
  0x1911e000 JavaThread "Thread-14" daemon [_thread_in_native, id=9260, stack(0x20330000,0x20380000)]
  0x19117c00 JavaThread "Watchdog-Timer-1" daemon [_thread_blocked, id=4456, stack(0x1ef40000,0x1ef90000)]
  0x1494c800 JavaThread "Prism Font Disposer" daemon [_thread_blocked, id=3000, stack(0x1c140000,0x1c190000)]
  0x18bc3800 JavaThread "Thread-6" [_thread_blocked, id=8344, stack(0x182c0000,0x18310000)]
  0x18b1f000 JavaThread "Disposer" daemon [_thread_blocked, id=9708, stack(0x17c70000,0x17cc0000)]
  0x1475ec00 JavaThread "AWT-Windows" daemon [_thread_in_native, id=6948, stack(0x17ef0000,0x17f40000)]
  0x14755c00 JavaThread "Java2D Disposer" daemon [_thread_blocked, id=9460, stack(0x17cc0000,0x17d10000)]
  0x1464a800 JavaThread "Thread-3" daemon [_thread_blocked, id=9316, stack(0x14c20000,0x14c70000)]
=>0x145fc800 JavaThread "JavaFX Application Thread" [_thread_in_native, id=1072, stack(0x14450000,0x144a0000)]
  0x145fbc00 JavaThread "Thread-2" daemon [_thread_blocked, id=5696, stack(0x00990000,0x009e0000)]
  0x145c6400 JavaThread "QuantumRenderer-0" daemon [_thread_blocked, id=7092, stack(0x149d0000,0x14a20000)]
  0x14014800 JavaThread "JavaFX-Launcher" [_thread_blocked, id=864, stack(0x144c0000,0x14510000)]
  0x13ef8800 JavaThread "Service Thread" daemon [_thread_blocked, id=3532, stack(0x00bd0000,0x00c20000)]
  0x13ec9800 JavaThread "C1 CompilerThread0" daemon [_thread_blocked, id=10140, stack(0x143f0000,0x14440000)]
  0x13ec8800 JavaThread "Attach Listener" daemon [_thread_blocked, id=8044, stack(0x039a0000,0x039f0000)]
  0x13eb7c00 JavaThread "Signal Dispatcher" daemon [_thread_blocked, id=10228, stack(0x142d0000,0x14320000)]
  0x13e81400 JavaThread "Finalizer" daemon [_thread_blocked, id=8308, stack(0x14240000,0x14290000)]
  0x13e7c400 JavaThread "Reference Handler" daemon [_thread_blocked, id=9332, stack(0x14170000,0x141c0000)]
  0x001cbc00 JavaThread "main" [_thread_blocked, id=6568, stack(0x00c20000,0x00c70000)]

Other Threads:
  0x13e78000 VMThread [stack: 0x140c0000,0x14110000] [id=7868]
  0x13ef9c00 WatcherThread [stack: 0x14110000,0x14160000] [id=5640]

VM state:at safepoint (normal execution)

VM Mutex/Monitor currently owned by a thread:  ([mutex/lock_event])
[0x001ca160] Threads_lock - owner thread: 0x13e78000
[0x001ca570] Heap_lock - owner thread: 0x18bc3800

Heap:
 def new generation   total 78656K, used 78655K [0x03a00000, 0x08f50000, 0x08f50000)
  eden space 69952K,  99% used [0x03a00000, 0x07e4ffc8, 0x07e50000)
  from space 8704K,  99% used [0x086d0000, 0x08f4fff0, 0x08f50000)
  to   space 8704K,   0% used [0x07e50000, 0x07e50000, 0x086d0000)
 tenured generation   total 174784K, used 174783K [0x08f50000, 0x13a00000, 0x13a00000)
   the space 174784K,  99% used [0x08f50000, 0x139ffff8, 0x09239800, 0x13a00000)
 Metaspace       used 16232K, capacity 17063K, committed 17152K, reserved 17792K

Card table byte_map: [0x00c70000,0x00d00000] byte_map_base: 0x00c53000

Polling page: 0x00150000

CodeCache: size=32768Kb used=2630Kb max_used=4377Kb free=30137Kb
 bounds [0x01970000, 0x01db8000, 0x03970000]
 total_blobs=1719 nmethods=1236 adapters=412
 compilation: enabled

Compilation events (10 events):
Event: 15984.145 Thread 0x13ec9800 9164             com.sun.javafx.css.BitSet::addAll (338 bytes)
Event: 15984.146 Thread 0x13ec9800 nmethod 9164 0x01cb6a48 code [0x01cb6ba0, 0x01cb7134]
Event: 15984.146 Thread 0x13ec9800 9165             javafx.scene.Node::getParent (22 bytes)
Event: 15984.147 Thread 0x13ec9800 nmethod 9165 0x01a2b788 code [0x01a2b890, 0x01a2b98c]
Event: 15984.147 Thread 0x13ec9800 9166             java.lang.Object::<init> (1 bytes)
Event: 15984.147 Thread 0x13ec9800 nmethod 9166 0x01d7ecc8 code [0x01d7edc0, 0x01d7ee50]
Event: 15984.695 Thread 0x13ec9800 9167             com.sun.javafx.sg.prism.NGNode::getOpaqueRegion (173 bytes)
Event: 15985.006 Thread 0x13ec9800 nmethod 9167 0x01ab0ec8 code [0x01ab1040, 0x01ab1320]
Event: 15985.394 Thread 0x13ec9800 9168             javafx.scene.Node::getLocalBounds (162 bytes)
Event: 15985.707 Thread 0x13ec9800 nmethod 9168 0x01b54848 code [0x01b54a80, 0x01b54fa8]

GC Heap History (10 events):
Event: 15985.903 GC heap after
Heap after GC invocations=1173 (full 996):
 def new generation   total 78656K, used 78655K [0x03a00000, 0x08f50000, 0x08f50000)
  eden space 69952K,  99% used [0x03a00000, 0x07e4ffe0, 0x07e50000)
  from space 8704K,  99% used [0x086d0000, 0x08f4fff0, 0x08f50000)
  to   space 8704K,   0% used [0x07e50000, 0x07e50000, 0x086d0000)
 tenured generation   total 174784K, used 174783K [0x08f50000, 0x13a00000, 0x13a00000)
   the space 174784K,  99% used [0x08f50000, 0x139ffff8, 0x13a00000, 0x13a00000)
 Metaspace       used 16232K, capacity 17063K, committed 17152K, reserved 17792K
}
Event: 15985.903 GC heap before
{Heap before GC invocations=1173 (full 996):
 def new generation   total 78656K, used 78655K [0x03a00000, 0x08f50000, 0x08f50000)
  eden space 69952K,  99% used [0x03a00000, 0x07e4ffe0, 0x07e50000)
  from space 8704K,  99% used [0x086d0000, 0x08f4fff0, 0x08f50000)
  to   space 8704K,   0% used [0x07e50000, 0x07e50000, 0x086d0000)
 tenured generation   total 174784K, used 174783K [0x08f50000, 0x13a00000, 0x13a00000)
   the space 174784K,  99% used [0x08f50000, 0x139ffff8, 0x13a00000, 0x13a00000)
 Metaspace       used 16232K, capacity 17063K, committed 17152K, reserved 17792K
Event: 15985.931 GC heap after
Heap after GC invocations=1174 (full 997):
 def new generation   total 78656K, used 78655K [0x03a00000, 0x08f50000, 0x08f50000)
  eden space 69952K,  99% used [0x03a00000, 0x07e4ffe0, 0x07e50000)
  from space 8704K,  99% used [0x086d0000, 0x08f4fff0, 0x08f50000)
  to   space 8704K,   0% used [0x07e50000, 0x07e50000, 0x086d0000)
 tenured generation   total 174784K, used 174783K [0x08f50000, 0x13a00000, 0x13a00000)
   the space 174784K,  99% used [0x08f50000, 0x139ffff8, 0x13a00000, 0x13a00000)
 Metaspace       used 16232K, capacity 17063K, committed 17152K, reserved 17792K
}
Event: 15985.931 GC heap before
{Heap before GC invocations=1174 (full 997):
 def new generation   total 78656K, used 78655K [0x03a00000, 0x08f50000, 0x08f50000)
  eden space 69952K,  99% used [0x03a00000, 0x07e4fff0, 0x07e50000)
  from space 8704K,  99% used [0x086d0000, 0x08f4fff0, 0x08f50000)
  to   space 8704K,   0% used [0x07e50000, 0x07e50000, 0x086d0000)
 tenured generation   total 174784K, used 174783K [0x08f50000, 0x13a00000, 0x13a00000)
   the space 174784K,  99% used [0x08f50000, 0x139ffff8, 0x13a00000, 0x13a00000)
 Metaspace       used 16232K, capacity 17063K, committed 17152K, reserved 17792K
Event: 15985.959 GC heap after
Heap after GC invocations=1175 (full 998):
 def new generation   total 78656K, used 78655K [0x03a00000, 0x08f50000, 0x08f50000)
  eden space 69952K,  99% used [0x03a00000, 0x07e4ff80, 0x07e50000)
  from space 8704K,  99% used [0x086d0000, 0x08f4fff0, 0x08f50000)
  to   space 8704K,   0% used [0x07e50000, 0x07e50000, 0x086d0000)
 tenured generation   total 174784K, used 174783K [0x08f50000, 0x13a00000, 0x13a00000)
   the space 174784K,  99% used [0x08f50000, 0x139ffff8, 0x13a00000, 0x13a00000)
 Metaspace       used 16232K, capacity 17063K, committed 17152K, reserved 17792K
}
Event: 15985.960 GC heap before
{Heap before GC invocations=1175 (full 998):
 def new generation   total 78656K, used 78655K [0x03a00000, 0x08f50000, 0x08f50000)
  eden space 69952K,  99% used [0x03a00000, 0x07e4ffa8, 0x07e50000)
  from space 8704K,  99% used [0x086d0000, 0x08f4fff0, 0x08f50000)
  to   space 8704K,   0% used [0x07e50000, 0x07e50000, 0x086d0000)
 tenured generation   total 174784K, used 174783K [0x08f50000, 0x13a00000, 0x13a00000)
   the space 174784K,  99% used [0x08f50000, 0x139ffff8, 0x13a00000, 0x13a00000)
 Metaspace       used 16232K, capacity 17063K, committed 17152K, reserved 17792K
Event: 15985.987 GC heap after
Heap after GC invocations=1176 (full 999):
 def new generation   total 78656K, used 78655K [0x03a00000, 0x08f50000, 0x08f50000)
  eden space 69952K,  99% used [0x03a00000, 0x07e4ffa8, 0x07e50000)
  from space 8704K,  99% used [0x086d0000, 0x08f4fff0, 0x08f50000)
  to   space 8704K,   0% used [0x07e50000, 0x07e50000, 0x086d0000)
 tenured generation   total 174784K, used 174783K [0x08f50000, 0x13a00000, 0x13a00000)
   the space 174784K,  99% used [0x08f50000, 0x139ffff8, 0x13a00000, 0x13a00000)
 Metaspace       used 16232K, capacity 17063K, committed 17152K, reserved 17792K
}
Event: 15985.987 GC heap before
{Heap before GC invocations=1176 (full 999):
 def new generation   total 78656K, used 78655K [0x03a00000, 0x08f50000, 0x08f50000)
  eden space 69952K,  99% used [0x03a00000, 0x07e4ffa8, 0x07e50000)
  from space 8704K,  99% used [0x086d0000, 0x08f4fff0, 0x08f50000)
  to   space 8704K,   0% used [0x07e50000, 0x07e50000, 0x086d0000)
 tenured generation   total 174784K, used 174783K [0x08f50000, 0x13a00000, 0x13a00000)
   the space 174784K,  99% used [0x08f50000, 0x139ffff8, 0x13a00000, 0x13a00000)
 Metaspace       used 16232K, capacity 17063K, committed 17152K, reserved 17792K
Event: 15986.015 GC heap after
Heap after GC invocations=1177 (full 1000):
 def new generation   total 78656K, used 78655K [0x03a00000, 0x08f50000, 0x08f50000)
  eden space 69952K,  99% used [0x03a00000, 0x07e4ffa8, 0x07e50000)
  from space 8704K,  99% used [0x086d0000, 0x08f4fff0, 0x08f50000)
  to   space 8704K,   0% used [0x07e50000, 0x07e50000, 0x086d0000)
 tenured generation   total 174784K, used 174783K [0x08f50000, 0x13a00000, 0x13a00000)
   the space 174784K,  99% used [0x08f50000, 0x139ffff8, 0x13a00000, 0x13a00000)
 Metaspace       used 16232K, capacity 17063K, committed 17152K, reserved 17792K
}
Event: 15986.016 GC heap before
{Heap before GC invocations=1177 (full 1000):
 def new generation   total 78656K, used 78655K [0x03a00000, 0x08f50000, 0x08f50000)
  eden space 69952K, 100% used [0x03a00000, 0x07e50000, 0x07e50000)
  from space 8704K,  99% used [0x086d0000, 0x08f4fff0, 0x08f50000)
  to   space 8704K,   0% used [0x07e50000, 0x07e50000, 0x086d0000)
 tenured generation   total 174784K, used 174783K [0x08f50000, 0x13a00000, 0x13a00000)
   the space 174784K,  99% used [0x08f50000, 0x139ffff8, 0x13a00000, 0x13a00000)
 Metaspace       used 16232K, capacity 17063K, committed 17152K, reserved 17792K

Deoptimization events (0 events):
No events

Internal exceptions (10 events):
Event: 15985.063 Thread 0x145fc800 Exception <a 'java/lang/OutOfMemoryError'> (0x08fc0fa8) thrown at [C:\re\workspace\8-2-build-windows-i586-cygwin\jdk8u31\2394\hotspot\src\share\vm\gc_interface/collectedHeap.inline.hpp, line 159]
Event: 15985.122 Thread 0x145c6400 Exception <a 'java/lang/OutOfMemoryError'> (0x08fc0fa8) thrown at [C:\re\workspace\8-2-build-windows-i586-cygwin\jdk8u31\2394\hotspot\src\share\vm\gc_interface/collectedHeap.inline.hpp, line 159]
Event: 15985.272 Thread 0x145fc800 Exception <a 'java/lang/OutOfMemoryError'> (0x08fc0fa8) thrown at [C:\re\workspace\8-2-build-windows-i586-cygwin\jdk8u31\2394\hotspot\src\share\vm\gc_interface/collectedHeap.inline.hpp, line 159]
Event: 15985.450 Thread 0x145c6400 Exception <a 'java/io/IOException'> (0x07e4fe90) thrown at [C:\re\workspace\8-2-build-windows-i586-cygwin\jdk8u31\2394\hotspot\src\share\vm\prims\jni.cpp, line 716]
Event: 15985.478 Thread 0x145c6400 Exception <a 'java/io/IOException'> (0x139ffee0) thrown at [C:\re\workspace\8-2-build-windows-i586-cygwin\jdk8u31\2394\hotspot\src\share\vm\prims\jni.cpp, line 716]
Event: 15985.535 Thread 0x145c6400 Exception <a 'java/io/IOException'> (0x07e4fe40) thrown at [C:\re\workspace\8-2-build-windows-i586-cygwin\jdk8u31\2394\hotspot\src\share\vm\prims\jni.cpp, line 716]
Event: 15985.763 Thread 0x145fc800 Exception <a 'java/lang/OutOfMemoryError'> (0x08fc0fa8) thrown at [C:\re\workspace\8-2-build-windows-i586-cygwin\jdk8u31\2394\hotspot\src\share\vm\gc_interface/collectedHeap.inline.hpp, line 159]
Event: 15985.848 Thread 0x145fc800 Exception <a 'java/lang/OutOfMemoryError'> (0x08fc0fa8) thrown at [C:\re\workspace\8-2-build-windows-i586-cygwin\jdk8u31\2394\hotspot\src\share\vm\gc_interface/collectedHeap.inline.hpp, line 159]
Event: 15985.931 Thread 0x145fc800 Exception <a 'java/lang/OutOfMemoryError'> (0x08fc0fa8) thrown at [C:\re\workspace\8-2-build-windows-i586-cygwin\jdk8u31\2394\hotspot\src\share\vm\gc_interface/collectedHeap.inline.hpp, line 159]
Event: 15986.015 Thread 0x145fc800 Exception <a 'java/lang/OutOfMemoryError'> (0x08fc0fa8) thrown at [C:\re\workspace\8-2-build-windows-i586-cygwin\jdk8u31\2394\hotspot\src\share\vm\gc_interface/collectedHeap.inline.hpp, line 159]

Events (10 events):
Event: 15985.848 Executing VM operation: GenCollectForAllocation
Event: 15985.876 Executing VM operation: GenCollectForAllocation done
Event: 15985.876 Executing VM operation: GenCollectForAllocation
Event: 15985.931 Executing VM operation: GenCollectForAllocation done
Event: 15985.931 Executing VM operation: GenCollectForAllocation
Event: 15985.959 Executing VM operation: GenCollectForAllocation done
Event: 15985.959 Executing VM operation: GenCollectForAllocation
Event: 15986.015 Executing VM operation: GenCollectForAllocation done
Event: 15986.015 Thread 0x13ec9800 flushing nmethod 0x01b8c948
Event: 15986.015 Executing VM operation: GenCollectForAllocation


Dynamic libraries:
0x00d40000 - 0x00d70000 	C:\Users\Allen\Desktop\Mixly0.99_win\arduino-1.7.10\java\bin\javaw.exe
0x77780000 - 0x778c2000 	C:\Windows\SYSTEM32\ntdll.dll
0x75a80000 - 0x75b55000 	C:\Windows\system32\kernel32.dll
0x75960000 - 0x759ab000 	C:\Windows\system32\KERNELBASE.dll
0x761c0000 - 0x76261000 	C:\Windows\system32\ADVAPI32.dll
0x77560000 - 0x7760c000 	C:\Windows\system32\msvcrt.dll
0x778f0000 - 0x77909000 	C:\Windows\SYSTEM32\sechost.dll
0x75fd0000 - 0x76072000 	C:\Windows\system32\RPCRT4.dll
0x776b0000 - 0x77779000 	C:\Windows\system32\USER32.dll
0x76080000 - 0x760ce000 	C:\Windows\system32\GDI32.dll
0x77930000 - 0x7793a000 	C:\Windows\system32\LPK.dll
0x75b60000 - 0x75bfd000 	C:\Windows\system32\USP10.dll
0x73870000 - 0x73a0e000 	C:\Windows\WinSxS\x86_microsoft.windows.common-controls_6595b64144ccf1df_6.0.7601.18837_none_41e855142bd5705d\COMCTL32.dll
0x75d60000 - 0x75db7000 	C:\Windows\system32\SHLWAPI.dll
0x77910000 - 0x7792f000 	C:\Windows\system32\IMM32.DLL
0x77490000 - 0x7755d000 	C:\Windows\system32\MSCTF.dll
0x50800000 - 0x508bf000 	C:\Users\Allen\Desktop\Mixly0.99_win\arduino-1.7.10\java\bin\msvcr100.dll
0x6cd50000 - 0x6d0f4000 	C:\Users\Allen\Desktop\Mixly0.99_win\arduino-1.7.10\java\bin\client\jvm.dll
0x6fb80000 - 0x6fb87000 	C:\Windows\system32\WSOCK32.dll
0x75f90000 - 0x75fc5000 	C:\Windows\system32\WS2_32.dll
0x77940000 - 0x77946000 	C:\Windows\system32\NSI.dll
0x72f40000 - 0x72f72000 	C:\Windows\system32\WINMM.dll
0x778d0000 - 0x778d5000 	C:\Windows\system32\PSAPI.DLL
0x6e5f0000 - 0x6e5fc000 	C:\Users\Allen\Desktop\Mixly0.99_win\arduino-1.7.10\java\bin\verify.dll
0x5fdd0000 - 0x5fdf1000 	C:\Users\Allen\Desktop\Mixly0.99_win\arduino-1.7.10\java\bin\java.dll
0x5cfe0000 - 0x5cff3000 	C:\Users\Allen\Desktop\Mixly0.99_win\arduino-1.7.10\java\bin\zip.dll
0x766a0000 - 0x772ec000 	C:\Windows\system32\SHELL32.dll
0x75c00000 - 0x75d5d000 	C:\Windows\system32\ole32.dll
0x75760000 - 0x7576b000 	C:\Windows\system32\profapi.dll
0x75140000 - 0x75157000 	C:\Windows\system32\CRYPTSP.dll
0x74ed0000 - 0x74f0b000 	C:\Windows\system32\rsaenh.dll
0x757e0000 - 0x757f7000 	C:\Windows\system32\USERENV.dll
0x75640000 - 0x7564c000 	C:\Windows\system32\CRYPTBASE.dll
0x5c8f0000 - 0x5c905000 	C:\Users\Allen\Desktop\Mixly0.99_win\arduino-1.7.10\java\bin\net.dll
0x75100000 - 0x7513c000 	C:\Windows\system32\mswsock.dll
0x750f0000 - 0x750f6000 	C:\Windows\System32\wship6.dll
0x74980000 - 0x7499c000 	C:\Windows\system32\IPHLPAPI.DLL
0x74970000 - 0x74977000 	C:\Windows\system32\WINNSI.DLL
0x74590000 - 0x7459d000 	C:\Windows\system32\dhcpcsvc6.DLL
0x745a0000 - 0x745b2000 	C:\Windows\system32\dhcpcsvc.DLL
0x6e5e0000 - 0x6e5ef000 	C:\Users\Allen\Desktop\Mixly0.99_win\arduino-1.7.10\java\bin\nio.dll
0x5b960000 - 0x5b985000 	C:\Users\Allen\Desktop\Mixly0.99_win\arduino-1.7.10\java\bin\prism_d3d.dll
0x508c0000 - 0x50a83000 	C:\Windows\system32\d3d9.dll
0x74c70000 - 0x74c79000 	C:\Windows\system32\VERSION.dll
0x71a90000 - 0x71a96000 	C:\Windows\system32\d3d8thk.dll
0x732d0000 - 0x732e3000 	C:\Windows\system32\dwmapi.dll
0x736d0000 - 0x73710000 	C:\Windows\system32\uxtheme.dll
0x14ce0000 - 0x163d8000 	C:\Windows\system32\igdumdim32.dll
0x541f0000 - 0x54226000 	C:\Users\Allen\Desktop\Mixly0.99_win\arduino-1.7.10\java\bin\glass.dll
0x77950000 - 0x779cb000 	C:\Windows\system32\COMDLG32.dll
0x77610000 - 0x776a1000 	C:\Windows\system32\OLEAUT32.dll
0x69fb0000 - 0x6a856000 	C:\Windows\system32\igdusc32.dll
0x77c40000 - 0x77d86000 	C:\Users\Allen\Desktop\Mixly0.99_win\arduino-1.7.10\java\bin\awt.dll
0x53680000 - 0x536b9000 	C:\Users\Allen\Desktop\Mixly0.99_win\arduino-1.7.10\java\bin\fontmanager.dll
0x53650000 - 0x53680000 	C:\Users\Allen\Desktop\Mixly0.99_win\arduino-1.7.10\java\bin\t2k.dll
0x19230000 - 0x1a1c7000 	C:\Users\Allen\Desktop\Mixly0.99_win\arduino-1.7.10\java\bin\jfxwebkit.dll
0x64000000 - 0x6401b000 	C:\Users\Allen\.jssc\windows\jSSC-2.8_x86.dll
0x55220000 - 0x55231000 	C:\Users\Allen\Desktop\Mixly0.99_win\arduino-1.7.10\java\bin\javafx_font.dll
0x51280000 - 0x513b5000 	C:\Windows\system32\dwrite.dll
0x760d0000 - 0x76153000 	C:\Windows\system32\CLBCatQ.DLL
0x73170000 - 0x732a0000 	C:\Windows\system32\WindowsCodecs.dll
0x755f0000 - 0x7563c000 	C:\Windows\system32\apphelp.dll
0x14510000 - 0x14581000 	D:\办公软件\QQPCMgr\12.2.18329.219\QMGCShellExt.dll
0x74b40000 - 0x74bdb000 	C:\Windows\WinSxS\x86_microsoft.vc80.crt_1fc8b3b9a1e18e3b_8.0.50727.6195_none_d09154e044272b9a\MSVCR80.dll
0x691c0000 - 0x691f1000 	C:\Windows\system32\EhStorShell.dll
0x772f0000 - 0x7748d000 	C:\Windows\system32\SETUPAPI.dll
0x757b0000 - 0x757d7000 	C:\Windows\system32\CFGMGR32.dll
0x75800000 - 0x75812000 	C:\Windows\system32\DEVOBJ.dll
0x73a20000 - 0x73b15000 	C:\Windows\system32\PROPSYS.dll
0x69150000 - 0x691ba000 	C:\Windows\System32\cscui.dll
0x6ba30000 - 0x6ba39000 	C:\Windows\System32\CSCDLL.dll
0x6b900000 - 0x6b90b000 	C:\Windows\system32\CSCAPI.dll
0x68fb0000 - 0x69020000 	C:\Windows\system32\ntshrui.dll
0x75330000 - 0x75349000 	C:\Windows\system32\srvcli.dll
0x72da0000 - 0x72daa000 	C:\Windows\system32\slc.dll
0x53610000 - 0x53631000 	C:\Program Files\Common Files\Microsoft Shared\Ink\rtscom.dll
0x6d700000 - 0x6d70e000 	C:\Users\Allen\Desktop\Mixly0.99_win\arduino-1.7.10\java\bin\prism_common.dll
0x74550000 - 0x74555000 	C:\Windows\System32\wshtcpip.dll
0x74fc0000 - 0x75004000 	C:\Windows\system32\DNSAPI.dll
0x745d0000 - 0x745f1000 	C:\Program Files\Bonjour\mdnsNSP.dll
0x74580000 - 0x74586000 	C:\Windows\system32\rasadhlp.dll
0x529e0000 - 0x52a46000 	C:\Users\Allen\Desktop\Mixly0.99_win\arduino-1.7.10\java\bin\glib-lite.dll
0x50780000 - 0x507fc000 	C:\Users\Allen\Desktop\Mixly0.99_win\arduino-1.7.10\java\bin\gstreamer-lite.dll
0x68a10000 - 0x68a82000 	C:\Windows\system32\DSOUND.dll
0x73b60000 - 0x73b85000 	C:\Windows\system32\POWRPROF.dll
0x541d0000 - 0x541ef000 	C:\Users\Allen\Desktop\Mixly0.99_win\arduino-1.7.10\java\bin\jfxmedia.dll
0x755c0000 - 0x755db000 	C:\Windows\system32\SspiCli.dll
0x535e0000 - 0x53605000 	C:\Users\Allen\Desktop\Mixly0.99_win\arduino-1.7.10\java\bin\fxplugins.dll
0x725f0000 - 0x72628000 	C:\Windows\System32\fwpuclnt.dll
0x73b20000 - 0x73b59000 	C:\Windows\System32\MMDevApi.dll
0x72e10000 - 0x72e46000 	C:\Windows\system32\AUDIOSES.DLL
0x50ab0000 - 0x50ae5000 	C:\Windows\system32\qasf.dll
0x6d6d0000 - 0x6d6db000 	C:\Windows\system32\msdmo.dll
0x54060000 - 0x54077000 	C:\Windows\System32\mp3dmod.dll
0x71fb0000 - 0x7200a000 	C:\Windows\system32\mfplat.DLL
0x73a10000 - 0x73a17000 	C:\Windows\system32\AVRT.dll
0x77ac0000 - 0x77c37000 	C:\Windows\system32\quartz.dll
0x756e0000 - 0x756ee000 	C:\Windows\system32\RpcRtRemote.dll
0x74820000 - 0x74841000 	C:\Windows\system32\ntmarta.dll
0x75df0000 - 0x75e35000 	C:\Windows\system32\WLDAP32.dll
0x68b20000 - 0x68b78000 	C:\Program Files\Common Files\microsoft shared\ink\tiptsf.dll
0x6e180000 - 0x6e2f0000 	C:\Windows\system32\explorerframe.dll
0x73330000 - 0x7335f000 	C:\Windows\system32\DUser.dll
0x73470000 - 0x73522000 	C:\Windows\system32\DUI70.dll
0x68b80000 - 0x68bb1000 	C:\Windows\system32\msls31.dll
0x732a0000 - 0x732cf000 	C:\Windows\system32\xmllite.dll
0x72cc0000 - 0x72cfc000 	C:\Windows\system32\OLEACC.dll
0x5d000000 - 0x5d08c000 	C:\Windows\system32\UIAutomationCore.dll
0x6b8e0000 - 0x6b8e7000 	C:\Windows\system32\msiltcfg.dll
0x74110000 - 0x74356000 	C:\Windows\system32\msi.dll
0x75680000 - 0x756df000 	C:\Windows\system32\SXS.DLL
0x5cf80000 - 0x5cfdc000 	C:\Windows\System32\StructuredQuery.dll
0x75460000 - 0x75468000 	C:\Windows\System32\Secur32.dll
0x68ee0000 - 0x68f2e000 	C:\Windows\system32\actxprxy.dll
0x636f0000 - 0x63739000 	C:\Program Files\Internet Explorer\ieproxy.dll
0x759c0000 - 0x759c4000 	C:\Windows\system32\api-ms-win-downlevel-shlwapi-l1-1-0.dll
0x68af0000 - 0x68af4000 	C:\Windows\system32\api-ms-win-downlevel-shlwapi-l2-1-0.dll
0x75820000 - 0x75825000 	C:\Windows\system32\api-ms-win-downlevel-advapi32-l1-1-0.dll
0x73360000 - 0x73372000 	C:\Windows\system32\MPR.dll
0x73740000 - 0x73748000 	C:\Windows\System32\drprov.dll
0x75650000 - 0x75679000 	C:\Windows\System32\WINSTA.dll
0x6e6e0000 - 0x6e6f4000 	C:\Windows\System32\ntlanman.dll
0x5cb70000 - 0x5cb88000 	C:\Windows\System32\davclnt.dll
0x73730000 - 0x73738000 	C:\Windows\System32\DAVHLPR.dll
0x749a0000 - 0x749af000 	C:\Windows\system32\wkscli.dll
0x749b0000 - 0x749b9000 	C:\Windows\system32\netutils.dll
0x654c0000 - 0x654d6000 	C:\Windows\system32\thumbcache.dll
0x69120000 - 0x6914f000 	C:\Windows\system32\SHDOCVW.dll

VM Arguments:
java_command: C:\Users\Allen\Desktop\Mixly0.99_win\.\Mixly.jar
java_class_path (initial): C:\Users\Allen\Desktop\Mixly0.99_win\.\Mixly.jar
Launcher Type: SUN_STANDARD

Environment Variables:
PATH=D:\办公软件\IAR\asm;C:\Program Files\NVIDIA Corporation\PhysX\Common;C:\Windows\system32;C:\Windows;C:\Windows\System32\Wbem;C:\Windows\System32\WindowsPowerShell\v1.0\;C:\Program Files\IVI Foundation\VISA\WinNT\Bin\;C:\Program Files\IVI Foundation\VISA\WinNT\Bin;C:\modeltech_10.0c\win32;C:\Users\Allen\Desktop\Mixly0.99_win\.\arduino-1.7.10\java\bin
USERNAME=Allen
OS=Windows_NT
PROCESSOR_IDENTIFIER=x86 Family 6 Model 60 Stepping 3, GenuineIntel



---------------  S Y S T E M  ---------------

OS: Windows 7 Build 7601 Service Pack 1

CPU:total 4 (2 cores per cpu, 2 threads per core) family 6 model 60 stepping 3, cmov, cx8, fxsr, mmx, sse, sse2, sse3, ssse3, sse4.1, sse4.2, popcnt, avx, avx2, aes, clmul, erms, lzcnt, ht, tsc, tscinvbit, bmi1, bmi2

Memory: 4k page, physical 3539964k(1370888k free), swap 7078212k(3394760k free)

vm_info: Java HotSpot(TM) Client VM (25.31-b07) for windows-x86 JRE (1.8.0_31-b13), built on Dec 17 2014 20:46:12 by "java_re" with MS VC++ 10.0 (VS2010)

time: Mon Apr 17 14:29:39 2017
elapsed time: 15986 seconds (0d 4h 26m 26s)

